<?xml version="1.0" encoding="UTF-8"?>
<!-- Generated by org.testng.reporters.JUnitReportReporter -->
<testsuite skipped="0" hostname="BG-LT-083-NEETHU" name="emulatorProject.CalculatorTest" tests="1" failures="0" timestamp="2025-06-02T18:57:38 IST" time="36.197" errors="0">
  <testcase name="test" time="36.197" classname="emulatorProject.CalculatorTest"/>
  <system-out/>
</testsuite> <!-- emulatorProject.CalculatorTest -->
